<?xml version="1.0" encoding="UTF-8"?>
<!-- Generated by org.testng.reporters.JUnitXMLReporter -->
<testsuite hostname="LAPTOP-BIDBBEKC" ignored="0" name="Default test" tests="3" failures="0" timestamp="2021-05-22T21:56:09 IST" time="5.957" errors="0">
  <testcase name="verifyTotalResponse" time="4.143" classname="com.GetRequests.GetUsers"/>
  <testcase name="storeDataInList" time="0.529" classname="com.GetRequests.GetUsers"/>
  <testcase name="storeDataInMap" time="1.226" classname="com.GetRequests.GetUsers"/>
</testsuite> <!-- Default test -->
