<?xml version="1.0" encoding="UTF-8"?>
<!-- Generated by org.testng.reporters.JUnitXMLReporter -->
<testsuite hostname="LAPTOP-BIDBBEKC" ignored="0" name="GetTest" tests="3" failures="0" timestamp="2021-05-22T22:07:23 IST" time="8.15" errors="0">
  <testcase name="verifyTotalResponse" time="3.727" classname="com.GetRequests.GetUsers"/>
  <testcase name="storeDataInList" time="0.902" classname="com.GetRequests.GetUsers"/>
  <testcase name="storeDataInMap" time="1.529" classname="com.GetRequests.GetUsers"/>
</testsuite> <!-- GetTest -->
