<?xml version="1.0" encoding="UTF-8"?>
<!-- Generated by org.testng.reporters.JUnitXMLReporter -->
<testsuite hostname="LAPTOP-BIDBBEKC" ignored="0" name="GetTest" tests="3" failures="0" timestamp="22 May 2021 17:11:08 GMT" time="9.171" errors="0">
  <testcase name="verifyTotalResponse" time="5.237" classname="com.GetRequests.GetUsers"/>
  <testcase name="storeDataInList" time="0.451" classname="com.GetRequests.GetUsers"/>
  <testcase name="storeDataInMap" time="0.613" classname="com.GetRequests.GetUsers"/>
</testsuite> <!-- GetTest -->
