<?xml version="1.0" encoding="UTF-8"?>
<testsuite xmlns:xsi="http://www.w3.org/2001/XMLSchema-instance" xsi:noNamespaceSchemaLocation="https://maven.apache.org/surefire/maven-surefire-plugin/xsd/surefire-test-report-3.0.xsd" version="3.0" name="TestSuite" time="15.15" tests="3" errors="0" skipped="0" failures="0">
  <properties>
[...]
</properties>
  <testcase name="verifyTotalResponse" classname="com.GetRequests.GetUsers" time="5.239"/>
  <testcase name="storeDataInList" classname="com.GetRequests.GetUsers" time="0.451"/>
  <testcase name="storeDataInMap" classname="com.GetRequests.GetUsers" time="0.615"/>
</testsuite>